<?xml version="1.0" encoding="UTF-8"?>
<!-- Generated by org.testng.reporters.JUnitReportReporter -->
<testsuite hostname="DESKTOP-PMMGKCD" failures="0" tests="1" name="GIT.JenkinDemo.LoginPractice" time="6.466" errors="0" timestamp="2025-09-10T16:08:48 IST" skipped="0">
  <testcase classname="GIT.JenkinDemo.LoginPractice" name="login" time="6.466"/>
</testsuite> <!-- GIT.JenkinDemo.LoginPractice -->
