<?xml version="1.0" encoding="UTF-8"?>
<!-- Generated by org.testng.reporters.JUnitReportReporter -->
<testsuite hostname="DESKTOP-PMMGKCD" failures="0" tests="1" name="GIT.JenkinDemo.LoginPracice" time="0.027" errors="0" timestamp="2025-09-09T21:36:53 IST" skipped="0">
  <testcase classname="GIT.JenkinDemo.LoginPracice" name="method1" time="0.027"/>
</testsuite> <!-- GIT.JenkinDemo.LoginPracice -->
